{"uid":"4beadad7aff863e8","name":"Добавление в таблицу типичных данных","fullName":"Добавление в таблицу данных: Добавление в таблицу типичных данных","historyId":"ceb46e8ad928cd5c0d8a4a2e71c3f735","time":{"start":1705937385591,"stop":1705937397202,"duration":11611},"status":"broken","statusMessage":"no such window: target window already closed\nfrom unknown error: web view not found\n  (Session info: chrome=120.0.6099.225)\nBuild info: version: '4.6.0', revision: '79f1c02ae20'\nSystem info: os.name: 'Windows 10', os.arch: 'amd64', os.version: '10.0', java.version: '11.0.16.1'\nDriver info: org.openqa.selenium.chrome.ChromeDriver\nCommand: [b01ba53a79f212276db8a480f3bfe800, findElement {using=xpath, value=//a[text() = \" Песочница \"]}]\nCapabilities {acceptInsecureCerts: false, browserName: chrome, browserVersion: 120.0.6099.225, chrome: {chromedriverVersion: 120.0.6099.109 (3419140ab66..., userDataDir: C:\\Users\\kiril\\AppData\\Loca...}, fedcm:accounts: true, goog:chromeOptions: {debuggerAddress: localhost:63263}, networkConnectionEnabled: false, pageLoadStrategy: normal, platformName: WINDOWS, proxy: Proxy(), se:cdp: ws://localhost:63263/devtoo..., se:cdpVersion: 120.0.6099.225, setWindowRect: true, strictFileInteractability: false, timeouts: {implicit: 0, pageLoad: 300000, script: 30000}, unhandledPromptBehavior: dismiss and notify, webauthn:extension:credBlob: true, webauthn:extension:largeBlob: true, webauthn:extension:minPinLength: true, webauthn:extension:prf: true, webauthn:virtualAuthenticators: true}\nSession ID: b01ba53a79f212276db8a480f3bfe800","statusTrace":"org.openqa.selenium.NoSuchWindowException: no such window: target window already closed\nfrom unknown error: web view not found\n  (Session info: chrome=120.0.6099.225)\nBuild info: version: '4.6.0', revision: '79f1c02ae20'\nSystem info: os.name: 'Windows 10', os.arch: 'amd64', os.version: '10.0', java.version: '11.0.16.1'\nDriver info: org.openqa.selenium.chrome.ChromeDriver\nCommand: [b01ba53a79f212276db8a480f3bfe800, findElement {using=xpath, value=//a[text() = \" Песочница \"]}]\nCapabilities {acceptInsecureCerts: false, browserName: chrome, browserVersion: 120.0.6099.225, chrome: {chromedriverVersion: 120.0.6099.109 (3419140ab66..., userDataDir: C:\\Users\\kiril\\AppData\\Loca...}, fedcm:accounts: true, goog:chromeOptions: {debuggerAddress: localhost:63263}, networkConnectionEnabled: false, pageLoadStrategy: normal, platformName: WINDOWS, proxy: Proxy(), se:cdp: ws://localhost:63263/devtoo..., se:cdpVersion: 120.0.6099.225, setWindowRect: true, strictFileInteractability: false, timeouts: {implicit: 0, pageLoad: 300000, script: 30000}, unhandledPromptBehavior: dismiss and notify, webauthn:extension:credBlob: true, webauthn:extension:largeBlob: true, webauthn:extension:minPinLength: true, webauthn:extension:prf: true, webauthn:virtualAuthenticators: true}\nSession ID: b01ba53a79f212276db8a480f3bfe800\r\n\tat jdk.internal.reflect.GeneratedConstructorAccessor28.newInstance(Unknown Source)\r\n\tat java.base/jdk.internal.reflect.DelegatingConstructorAccessorImpl.newInstance(DelegatingConstructorAccessorImpl.java:45)\r\n\tat java.base/java.lang.reflect.Constructor.newInstance(Constructor.java:490)\r\n\tat org.openqa.selenium.remote.codec.w3c.W3CHttpResponseCodec.createException(W3CHttpResponseCodec.java:200)\r\n\tat org.openqa.selenium.remote.codec.w3c.W3CHttpResponseCodec.decode(W3CHttpResponseCodec.java:133)\r\n\tat org.openqa.selenium.remote.codec.w3c.W3CHttpResponseCodec.decode(W3CHttpResponseCodec.java:53)\r\n\tat org.openqa.selenium.remote.HttpCommandExecutor.execute(HttpCommandExecutor.java:184)\r\n\tat org.openqa.selenium.remote.service.DriverCommandExecutor.invokeExecute(DriverCommandExecutor.java:167)\r\n\tat org.openqa.selenium.remote.service.DriverCommandExecutor.execute(DriverCommandExecutor.java:142)\r\n\tat org.openqa.selenium.remote.RemoteWebDriver.execute(RemoteWebDriver.java:541)\r\n\tat org.openqa.selenium.remote.ElementLocation$ElementFinder$2.findElement(ElementLocation.java:162)\r\n\tat org.openqa.selenium.remote.ElementLocation.findElement(ElementLocation.java:60)\r\n\tat org.openqa.selenium.remote.RemoteWebDriver.findElement(RemoteWebDriver.java:365)\r\n\tat org.openqa.selenium.remote.RemoteWebDriver.findElement(RemoteWebDriver.java:357)\r\n\tat ru.ibsqa.chameleon.selenium.driver.WebDriverFacade.findElement(WebDriverFacade.java:178)\r\n\tat org.openqa.selenium.support.pagefactory.DefaultElementLocator.findElement(DefaultElementLocator.java:70)\r\n\tat org.openqa.selenium.support.pagefactory.AjaxElementLocator.access$001(AjaxElementLocator.java:39)\r\n\tat org.openqa.selenium.support.pagefactory.AjaxElementLocator$SlowLoadingElement.isLoaded(AjaxElementLocator.java:165)\r\n\tat org.openqa.selenium.support.ui.SlowLoadableComponent.get(SlowLoadableComponent.java:51)\r\n\tat org.openqa.selenium.support.pagefactory.AjaxElementLocator.findElement(AjaxElementLocator.java:95)\r\n\tat ru.ibsqa.chameleon.page_factory.locator.ElementLocatorImpl.findElement(ElementLocatorImpl.java:75)\r\n\tat org.openqa.selenium.support.pagefactory.internal.LocatingElementHandler.invoke(LocatingElementHandler.java:39)\r\n\tat ru.ibsqa.chameleon.page_factory.handlers.ElementProxyHandler.invoke(ElementProxyHandler.java:58)\r\n\tat com.sun.proxy.$Proxy75.isDisplayed(Unknown Source)\r\n\tat ru.ibsqa.chameleon.elements.selenium.WebElementFacade.lambda$waitToDisplayed$0(WebElementFacade.java:177)\r\n\tat ru.ibsqa.chameleon.utils.waiting.Waiting.lambda$check$1(Waiting.java:124)\r\n\tat ru.ibsqa.chameleon.utils.waiting.WaitingUtils.lambda$explore$1(WaitingUtils.java:82)\r\n\tat ru.ibsqa.chameleon.utils.waiting.WaitingUtils.waiting(WaitingUtils.java:37)\r\n\tat ru.ibsqa.chameleon.utils.waiting.WaitingUtils.waiting(WaitingUtils.java:56)\r\n\tat ru.ibsqa.chameleon.utils.waiting.WaitingUtils.explore(WaitingUtils.java:79)\r\n\tat ru.ibsqa.chameleon.utils.waiting.Waiting.explore(Waiting.java:81)\r\n\tat ru.ibsqa.chameleon.utils.waiting.Waiting.check(Waiting.java:124)\r\n\tat ru.ibsqa.chameleon.elements.selenium.WebElementFacade.waitToDisplayed(WebElementFacade.java:177)\r\n\tat GlavnajaStranica.isLoaded(GlavnajaStranica.java)\r\n\tat ru.ibsqa.chameleon.steps.PageSteps.pageShouldBeLoaded(PageSteps.java:33)\r\n\tat ru.ibsqa.chameleon.steps.PageSteps.stepLoadedPage_aroundBody4(PageSteps.java:60)\r\n\tat ru.ibsqa.chameleon.steps.PageSteps$AjcClosure5.run(PageSteps.java:1)\r\n\tat org.aspectj.runtime.reflect.JoinPointImpl.proceed(JoinPointImpl.java:270)\r\n\tat ru.ibsqa.chameleon.steps.aspect.StepListenerManagerImpl.stepAround(StepListenerManagerImpl.java:123)\r\n\tat ru.ibsqa.chameleon.steps.aspect.AspectSteps.stepUINestedAround(AspectSteps.java:34)\r\n\tat ru.ibsqa.chameleon.steps.PageSteps.stepLoadedPage(PageSteps.java:59)\r\n\tat ru.ibsqa.chameleon.steps.PageStorySteps.lambda$stepLoadedPage$1(PageStorySteps.java:39)\r\n\tat ru.ibsqa.chameleon.steps.StepFlowImpl.checkStepFlow(StepFlowImpl.java:68)\r\n\tat ru.ibsqa.chameleon.steps.AbstractSteps.flow(AbstractSteps.java:36)\r\n\tat ru.ibsqa.chameleon.steps.PageStorySteps.stepLoadedPage(PageStorySteps.java:38)\r\n\tat ✽.страница \"Главная страница\" загружена(file:///E:/Java/test-chameleon/src/test/resources/features/Тестирование%20Web.feature:8)\r\n","flaky":false,"newFailed":false,"newBroken":false,"newPassed":false,"retriesCount":0,"retriesStatusChange":false,"beforeStages":[],"testStage":{"status":"broken","statusMessage":"no such window: target window already closed\nfrom unknown error: web view not found\n  (Session info: chrome=120.0.6099.225)\nBuild info: version: '4.6.0', revision: '79f1c02ae20'\nSystem info: os.name: 'Windows 10', os.arch: 'amd64', os.version: '10.0', java.version: '11.0.16.1'\nDriver info: org.openqa.selenium.chrome.ChromeDriver\nCommand: [b01ba53a79f212276db8a480f3bfe800, findElement {using=xpath, value=//a[text() = \" Песочница \"]}]\nCapabilities {acceptInsecureCerts: false, browserName: chrome, browserVersion: 120.0.6099.225, chrome: {chromedriverVersion: 120.0.6099.109 (3419140ab66..., userDataDir: C:\\Users\\kiril\\AppData\\Loca...}, fedcm:accounts: true, goog:chromeOptions: {debuggerAddress: localhost:63263}, networkConnectionEnabled: false, pageLoadStrategy: normal, platformName: WINDOWS, proxy: Proxy(), se:cdp: ws://localhost:63263/devtoo..., se:cdpVersion: 120.0.6099.225, setWindowRect: true, strictFileInteractability: false, timeouts: {implicit: 0, pageLoad: 300000, script: 30000}, unhandledPromptBehavior: dismiss and notify, webauthn:extension:credBlob: true, webauthn:extension:largeBlob: true, webauthn:extension:minPinLength: true, webauthn:extension:prf: true, webauthn:virtualAuthenticators: true}\nSession ID: b01ba53a79f212276db8a480f3bfe800","statusTrace":"org.openqa.selenium.NoSuchWindowException: no such window: target window already closed\nfrom unknown error: web view not found\n  (Session info: chrome=120.0.6099.225)\nBuild info: version: '4.6.0', revision: '79f1c02ae20'\nSystem info: os.name: 'Windows 10', os.arch: 'amd64', os.version: '10.0', java.version: '11.0.16.1'\nDriver info: org.openqa.selenium.chrome.ChromeDriver\nCommand: [b01ba53a79f212276db8a480f3bfe800, findElement {using=xpath, value=//a[text() = \" Песочница \"]}]\nCapabilities {acceptInsecureCerts: false, browserName: chrome, browserVersion: 120.0.6099.225, chrome: {chromedriverVersion: 120.0.6099.109 (3419140ab66..., userDataDir: C:\\Users\\kiril\\AppData\\Loca...}, fedcm:accounts: true, goog:chromeOptions: {debuggerAddress: localhost:63263}, networkConnectionEnabled: false, pageLoadStrategy: normal, platformName: WINDOWS, proxy: Proxy(), se:cdp: ws://localhost:63263/devtoo..., se:cdpVersion: 120.0.6099.225, setWindowRect: true, strictFileInteractability: false, timeouts: {implicit: 0, pageLoad: 300000, script: 30000}, unhandledPromptBehavior: dismiss and notify, webauthn:extension:credBlob: true, webauthn:extension:largeBlob: true, webauthn:extension:minPinLength: true, webauthn:extension:prf: true, webauthn:virtualAuthenticators: true}\nSession ID: b01ba53a79f212276db8a480f3bfe800\r\n\tat jdk.internal.reflect.GeneratedConstructorAccessor28.newInstance(Unknown Source)\r\n\tat java.base/jdk.internal.reflect.DelegatingConstructorAccessorImpl.newInstance(DelegatingConstructorAccessorImpl.java:45)\r\n\tat java.base/java.lang.reflect.Constructor.newInstance(Constructor.java:490)\r\n\tat org.openqa.selenium.remote.codec.w3c.W3CHttpResponseCodec.createException(W3CHttpResponseCodec.java:200)\r\n\tat org.openqa.selenium.remote.codec.w3c.W3CHttpResponseCodec.decode(W3CHttpResponseCodec.java:133)\r\n\tat org.openqa.selenium.remote.codec.w3c.W3CHttpResponseCodec.decode(W3CHttpResponseCodec.java:53)\r\n\tat org.openqa.selenium.remote.HttpCommandExecutor.execute(HttpCommandExecutor.java:184)\r\n\tat org.openqa.selenium.remote.service.DriverCommandExecutor.invokeExecute(DriverCommandExecutor.java:167)\r\n\tat org.openqa.selenium.remote.service.DriverCommandExecutor.execute(DriverCommandExecutor.java:142)\r\n\tat org.openqa.selenium.remote.RemoteWebDriver.execute(RemoteWebDriver.java:541)\r\n\tat org.openqa.selenium.remote.ElementLocation$ElementFinder$2.findElement(ElementLocation.java:162)\r\n\tat org.openqa.selenium.remote.ElementLocation.findElement(ElementLocation.java:60)\r\n\tat org.openqa.selenium.remote.RemoteWebDriver.findElement(RemoteWebDriver.java:365)\r\n\tat org.openqa.selenium.remote.RemoteWebDriver.findElement(RemoteWebDriver.java:357)\r\n\tat ru.ibsqa.chameleon.selenium.driver.WebDriverFacade.findElement(WebDriverFacade.java:178)\r\n\tat org.openqa.selenium.support.pagefactory.DefaultElementLocator.findElement(DefaultElementLocator.java:70)\r\n\tat org.openqa.selenium.support.pagefactory.AjaxElementLocator.access$001(AjaxElementLocator.java:39)\r\n\tat org.openqa.selenium.support.pagefactory.AjaxElementLocator$SlowLoadingElement.isLoaded(AjaxElementLocator.java:165)\r\n\tat org.openqa.selenium.support.ui.SlowLoadableComponent.get(SlowLoadableComponent.java:51)\r\n\tat org.openqa.selenium.support.pagefactory.AjaxElementLocator.findElement(AjaxElementLocator.java:95)\r\n\tat ru.ibsqa.chameleon.page_factory.locator.ElementLocatorImpl.findElement(ElementLocatorImpl.java:75)\r\n\tat org.openqa.selenium.support.pagefactory.internal.LocatingElementHandler.invoke(LocatingElementHandler.java:39)\r\n\tat ru.ibsqa.chameleon.page_factory.handlers.ElementProxyHandler.invoke(ElementProxyHandler.java:58)\r\n\tat com.sun.proxy.$Proxy75.isDisplayed(Unknown Source)\r\n\tat ru.ibsqa.chameleon.elements.selenium.WebElementFacade.lambda$waitToDisplayed$0(WebElementFacade.java:177)\r\n\tat ru.ibsqa.chameleon.utils.waiting.Waiting.lambda$check$1(Waiting.java:124)\r\n\tat ru.ibsqa.chameleon.utils.waiting.WaitingUtils.lambda$explore$1(WaitingUtils.java:82)\r\n\tat ru.ibsqa.chameleon.utils.waiting.WaitingUtils.waiting(WaitingUtils.java:37)\r\n\tat ru.ibsqa.chameleon.utils.waiting.WaitingUtils.waiting(WaitingUtils.java:56)\r\n\tat ru.ibsqa.chameleon.utils.waiting.WaitingUtils.explore(WaitingUtils.java:79)\r\n\tat ru.ibsqa.chameleon.utils.waiting.Waiting.explore(Waiting.java:81)\r\n\tat ru.ibsqa.chameleon.utils.waiting.Waiting.check(Waiting.java:124)\r\n\tat ru.ibsqa.chameleon.elements.selenium.WebElementFacade.waitToDisplayed(WebElementFacade.java:177)\r\n\tat GlavnajaStranica.isLoaded(GlavnajaStranica.java)\r\n\tat ru.ibsqa.chameleon.steps.PageSteps.pageShouldBeLoaded(PageSteps.java:33)\r\n\tat ru.ibsqa.chameleon.steps.PageSteps.stepLoadedPage_aroundBody4(PageSteps.java:60)\r\n\tat ru.ibsqa.chameleon.steps.PageSteps$AjcClosure5.run(PageSteps.java:1)\r\n\tat org.aspectj.runtime.reflect.JoinPointImpl.proceed(JoinPointImpl.java:270)\r\n\tat ru.ibsqa.chameleon.steps.aspect.StepListenerManagerImpl.stepAround(StepListenerManagerImpl.java:123)\r\n\tat ru.ibsqa.chameleon.steps.aspect.AspectSteps.stepUINestedAround(AspectSteps.java:34)\r\n\tat ru.ibsqa.chameleon.steps.PageSteps.stepLoadedPage(PageSteps.java:59)\r\n\tat ru.ibsqa.chameleon.steps.PageStorySteps.lambda$stepLoadedPage$1(PageStorySteps.java:39)\r\n\tat ru.ibsqa.chameleon.steps.StepFlowImpl.checkStepFlow(StepFlowImpl.java:68)\r\n\tat ru.ibsqa.chameleon.steps.AbstractSteps.flow(AbstractSteps.java:36)\r\n\tat ru.ibsqa.chameleon.steps.PageStorySteps.stepLoadedPage(PageStorySteps.java:38)\r\n\tat ✽.страница \"Главная страница\" загружена(file:///E:/Java/test-chameleon/src/test/resources/features/Тестирование%20Web.feature:8)\r\n","steps":[{"name":"*  страница \"Главная страница\" загружена","time":{"start":1705937386217,"stop":1705937397194,"duration":10977},"status":"broken","statusMessage":"no such window: target window already closed\nfrom unknown error: web view not found\n  (Session info: chrome=120.0.6099.225)\nBuild info: version: '4.6.0', revision: '79f1c02ae20'\nSystem info: os.name: 'Windows 10', os.arch: 'amd64', os.version: '10.0', java.version: '11.0.16.1'\nDriver info: org.openqa.selenium.chrome.ChromeDriver\nCommand: [b01ba53a79f212276db8a480f3bfe800, findElement {using=xpath, value=//a[text() = \" Песочница \"]}]\nCapabilities {acceptInsecureCerts: false, browserName: chrome, browserVersion: 120.0.6099.225, chrome: {chromedriverVersion: 120.0.6099.109 (3419140ab66..., userDataDir: C:\\Users\\kiril\\AppData\\Loca...}, fedcm:accounts: true, goog:chromeOptions: {debuggerAddress: localhost:63263}, networkConnectionEnabled: false, pageLoadStrategy: normal, platformName: WINDOWS, proxy: Proxy(), se:cdp: ws://localhost:63263/devtoo..., se:cdpVersion: 120.0.6099.225, setWindowRect: true, strictFileInteractability: false, timeouts: {implicit: 0, pageLoad: 300000, script: 30000}, unhandledPromptBehavior: dismiss and notify, webauthn:extension:credBlob: true, webauthn:extension:largeBlob: true, webauthn:extension:minPinLength: true, webauthn:extension:prf: true, webauthn:virtualAuthenticators: true}\nSession ID: b01ba53a79f212276db8a480f3bfe800","statusTrace":"org.openqa.selenium.NoSuchWindowException: no such window: target window already closed\nfrom unknown error: web view not found\n  (Session info: chrome=120.0.6099.225)\nBuild info: version: '4.6.0', revision: '79f1c02ae20'\nSystem info: os.name: 'Windows 10', os.arch: 'amd64', os.version: '10.0', java.version: '11.0.16.1'\nDriver info: org.openqa.selenium.chrome.ChromeDriver\nCommand: [b01ba53a79f212276db8a480f3bfe800, findElement {using=xpath, value=//a[text() = \" Песочница \"]}]\nCapabilities {acceptInsecureCerts: false, browserName: chrome, browserVersion: 120.0.6099.225, chrome: {chromedriverVersion: 120.0.6099.109 (3419140ab66..., userDataDir: C:\\Users\\kiril\\AppData\\Loca...}, fedcm:accounts: true, goog:chromeOptions: {debuggerAddress: localhost:63263}, networkConnectionEnabled: false, pageLoadStrategy: normal, platformName: WINDOWS, proxy: Proxy(), se:cdp: ws://localhost:63263/devtoo..., se:cdpVersion: 120.0.6099.225, setWindowRect: true, strictFileInteractability: false, timeouts: {implicit: 0, pageLoad: 300000, script: 30000}, unhandledPromptBehavior: dismiss and notify, webauthn:extension:credBlob: true, webauthn:extension:largeBlob: true, webauthn:extension:minPinLength: true, webauthn:extension:prf: true, webauthn:virtualAuthenticators: true}\nSession ID: b01ba53a79f212276db8a480f3bfe800\r\n\tat jdk.internal.reflect.GeneratedConstructorAccessor28.newInstance(Unknown Source)\r\n\tat java.base/jdk.internal.reflect.DelegatingConstructorAccessorImpl.newInstance(DelegatingConstructorAccessorImpl.java:45)\r\n\tat java.base/java.lang.reflect.Constructor.newInstance(Constructor.java:490)\r\n\tat org.openqa.selenium.remote.codec.w3c.W3CHttpResponseCodec.createException(W3CHttpResponseCodec.java:200)\r\n\tat org.openqa.selenium.remote.codec.w3c.W3CHttpResponseCodec.decode(W3CHttpResponseCodec.java:133)\r\n\tat org.openqa.selenium.remote.codec.w3c.W3CHttpResponseCodec.decode(W3CHttpResponseCodec.java:53)\r\n\tat org.openqa.selenium.remote.HttpCommandExecutor.execute(HttpCommandExecutor.java:184)\r\n\tat org.openqa.selenium.remote.service.DriverCommandExecutor.invokeExecute(DriverCommandExecutor.java:167)\r\n\tat org.openqa.selenium.remote.service.DriverCommandExecutor.execute(DriverCommandExecutor.java:142)\r\n\tat org.openqa.selenium.remote.RemoteWebDriver.execute(RemoteWebDriver.java:541)\r\n\tat org.openqa.selenium.remote.ElementLocation$ElementFinder$2.findElement(ElementLocation.java:162)\r\n\tat org.openqa.selenium.remote.ElementLocation.findElement(ElementLocation.java:60)\r\n\tat org.openqa.selenium.remote.RemoteWebDriver.findElement(RemoteWebDriver.java:365)\r\n\tat org.openqa.selenium.remote.RemoteWebDriver.findElement(RemoteWebDriver.java:357)\r\n\tat ru.ibsqa.chameleon.selenium.driver.WebDriverFacade.findElement(WebDriverFacade.java:178)\r\n\tat org.openqa.selenium.support.pagefactory.DefaultElementLocator.findElement(DefaultElementLocator.java:70)\r\n\tat org.openqa.selenium.support.pagefactory.AjaxElementLocator.access$001(AjaxElementLocator.java:39)\r\n\tat org.openqa.selenium.support.pagefactory.AjaxElementLocator$SlowLoadingElement.isLoaded(AjaxElementLocator.java:165)\r\n\tat org.openqa.selenium.support.ui.SlowLoadableComponent.get(SlowLoadableComponent.java:51)\r\n\tat org.openqa.selenium.support.pagefactory.AjaxElementLocator.findElement(AjaxElementLocator.java:95)\r\n\tat ru.ibsqa.chameleon.page_factory.locator.ElementLocatorImpl.findElement(ElementLocatorImpl.java:75)\r\n\tat org.openqa.selenium.support.pagefactory.internal.LocatingElementHandler.invoke(LocatingElementHandler.java:39)\r\n\tat ru.ibsqa.chameleon.page_factory.handlers.ElementProxyHandler.invoke(ElementProxyHandler.java:58)\r\n\tat com.sun.proxy.$Proxy75.isDisplayed(Unknown Source)\r\n\tat ru.ibsqa.chameleon.elements.selenium.WebElementFacade.lambda$waitToDisplayed$0(WebElementFacade.java:177)\r\n\tat ru.ibsqa.chameleon.utils.waiting.Waiting.lambda$check$1(Waiting.java:124)\r\n\tat ru.ibsqa.chameleon.utils.waiting.WaitingUtils.lambda$explore$1(WaitingUtils.java:82)\r\n\tat ru.ibsqa.chameleon.utils.waiting.WaitingUtils.waiting(WaitingUtils.java:37)\r\n\tat ru.ibsqa.chameleon.utils.waiting.WaitingUtils.waiting(WaitingUtils.java:56)\r\n\tat ru.ibsqa.chameleon.utils.waiting.WaitingUtils.explore(WaitingUtils.java:79)\r\n\tat ru.ibsqa.chameleon.utils.waiting.Waiting.explore(Waiting.java:81)\r\n\tat ru.ibsqa.chameleon.utils.waiting.Waiting.check(Waiting.java:124)\r\n\tat ru.ibsqa.chameleon.elements.selenium.WebElementFacade.waitToDisplayed(WebElementFacade.java:177)\r\n\tat GlavnajaStranica.isLoaded(GlavnajaStranica.java)\r\n\tat ru.ibsqa.chameleon.steps.PageSteps.pageShouldBeLoaded(PageSteps.java:33)\r\n\tat ru.ibsqa.chameleon.steps.PageSteps.stepLoadedPage_aroundBody4(PageSteps.java:60)\r\n\tat ru.ibsqa.chameleon.steps.PageSteps$AjcClosure5.run(PageSteps.java:1)\r\n\tat org.aspectj.runtime.reflect.JoinPointImpl.proceed(JoinPointImpl.java:270)\r\n\tat ru.ibsqa.chameleon.steps.aspect.StepListenerManagerImpl.stepAround(StepListenerManagerImpl.java:123)\r\n\tat ru.ibsqa.chameleon.steps.aspect.AspectSteps.stepUINestedAround(AspectSteps.java:34)\r\n\tat ru.ibsqa.chameleon.steps.PageSteps.stepLoadedPage(PageSteps.java:59)\r\n\tat ru.ibsqa.chameleon.steps.PageStorySteps.lambda$stepLoadedPage$1(PageStorySteps.java:39)\r\n\tat ru.ibsqa.chameleon.steps.StepFlowImpl.checkStepFlow(StepFlowImpl.java:68)\r\n\tat ru.ibsqa.chameleon.steps.AbstractSteps.flow(AbstractSteps.java:36)\r\n\tat ru.ibsqa.chameleon.steps.PageStorySteps.stepLoadedPage(PageStorySteps.java:38)\r\n\tat ✽.страница \"Главная страница\" загружена(file:///E:/Java/test-chameleon/src/test/resources/features/Тестирование%20Web.feature:8)\r\n","steps":[{"name":"страница \"Главная страница\" загружена","time":{"start":1705937386800,"stop":1705937397184,"duration":10384},"status":"broken","statusMessage":"no such window: target window already closed\nfrom unknown error: web view not found\n  (Session info: chrome=120.0.6099.225)\nBuild info: version: '4.6.0', revision: '79f1c02ae20'\nSystem info: os.name: 'Windows 10', os.arch: 'amd64', os.version: '10.0', java.version: '11.0.16.1'\nDriver info: org.openqa.selenium.chrome.ChromeDriver\nCommand: [b01ba53a79f212276db8a480f3bfe800, findElement {using=xpath, value=//a[text() = \" Песочница \"]}]\nCapabilities {acceptInsecureCerts: false, browserName: chrome, browserVersion: 120.0.6099.225, chrome: {chromedriverVersion: 120.0.6099.109 (3419140ab66..., userDataDir: C:\\Users\\kiril\\AppData\\Loca...}, fedcm:accounts: true, goog:chromeOptions: {debuggerAddress: localhost:63263}, networkConnectionEnabled: false, pageLoadStrategy: normal, platformName: WINDOWS, proxy: Proxy(), se:cdp: ws://localhost:63263/devtoo..., se:cdpVersion: 120.0.6099.225, setWindowRect: true, strictFileInteractability: false, timeouts: {implicit: 0, pageLoad: 300000, script: 30000}, unhandledPromptBehavior: dismiss and notify, webauthn:extension:credBlob: true, webauthn:extension:largeBlob: true, webauthn:extension:minPinLength: true, webauthn:extension:prf: true, webauthn:virtualAuthenticators: true}\nSession ID: b01ba53a79f212276db8a480f3bfe800","statusTrace":"org.openqa.selenium.NoSuchWindowException: no such window: target window already closed\nfrom unknown error: web view not found\n  (Session info: chrome=120.0.6099.225)\nBuild info: version: '4.6.0', revision: '79f1c02ae20'\nSystem info: os.name: 'Windows 10', os.arch: 'amd64', os.version: '10.0', java.version: '11.0.16.1'\nDriver info: org.openqa.selenium.chrome.ChromeDriver\nCommand: [b01ba53a79f212276db8a480f3bfe800, findElement {using=xpath, value=//a[text() = \" Песочница \"]}]\nCapabilities {acceptInsecureCerts: false, browserName: chrome, browserVersion: 120.0.6099.225, chrome: {chromedriverVersion: 120.0.6099.109 (3419140ab66..., userDataDir: C:\\Users\\kiril\\AppData\\Loca...}, fedcm:accounts: true, goog:chromeOptions: {debuggerAddress: localhost:63263}, networkConnectionEnabled: false, pageLoadStrategy: normal, platformName: WINDOWS, proxy: Proxy(), se:cdp: ws://localhost:63263/devtoo..., se:cdpVersion: 120.0.6099.225, setWindowRect: true, strictFileInteractability: false, timeouts: {implicit: 0, pageLoad: 300000, script: 30000}, unhandledPromptBehavior: dismiss and notify, webauthn:extension:credBlob: true, webauthn:extension:largeBlob: true, webauthn:extension:minPinLength: true, webauthn:extension:prf: true, webauthn:virtualAuthenticators: true}\nSession ID: b01ba53a79f212276db8a480f3bfe800\r\n\tat jdk.internal.reflect.GeneratedConstructorAccessor28.newInstance(Unknown Source)\r\n\tat java.base/jdk.internal.reflect.DelegatingConstructorAccessorImpl.newInstance(DelegatingConstructorAccessorImpl.java:45)\r\n\tat java.base/java.lang.reflect.Constructor.newInstance(Constructor.java:490)\r\n\tat org.openqa.selenium.remote.codec.w3c.W3CHttpResponseCodec.createException(W3CHttpResponseCodec.java:200)\r\n\tat org.openqa.selenium.remote.codec.w3c.W3CHttpResponseCodec.decode(W3CHttpResponseCodec.java:133)\r\n\tat org.openqa.selenium.remote.codec.w3c.W3CHttpResponseCodec.decode(W3CHttpResponseCodec.java:53)\r\n\tat org.openqa.selenium.remote.HttpCommandExecutor.execute(HttpCommandExecutor.java:184)\r\n\tat org.openqa.selenium.remote.service.DriverCommandExecutor.invokeExecute(DriverCommandExecutor.java:167)\r\n\tat org.openqa.selenium.remote.service.DriverCommandExecutor.execute(DriverCommandExecutor.java:142)\r\n\tat org.openqa.selenium.remote.RemoteWebDriver.execute(RemoteWebDriver.java:541)\r\n\tat org.openqa.selenium.remote.ElementLocation$ElementFinder$2.findElement(ElementLocation.java:162)\r\n\tat org.openqa.selenium.remote.ElementLocation.findElement(ElementLocation.java:60)\r\n\tat org.openqa.selenium.remote.RemoteWebDriver.findElement(RemoteWebDriver.java:365)\r\n\tat org.openqa.selenium.remote.RemoteWebDriver.findElement(RemoteWebDriver.java:357)\r\n\tat ru.ibsqa.chameleon.selenium.driver.WebDriverFacade.findElement(WebDriverFacade.java:178)\r\n\tat org.openqa.selenium.support.pagefactory.DefaultElementLocator.findElement(DefaultElementLocator.java:70)\r\n\tat org.openqa.selenium.support.pagefactory.AjaxElementLocator.access$001(AjaxElementLocator.java:39)\r\n\tat org.openqa.selenium.support.pagefactory.AjaxElementLocator$SlowLoadingElement.isLoaded(AjaxElementLocator.java:165)\r\n\tat org.openqa.selenium.support.ui.SlowLoadableComponent.get(SlowLoadableComponent.java:51)\r\n\tat org.openqa.selenium.support.pagefactory.AjaxElementLocator.findElement(AjaxElementLocator.java:95)\r\n\tat ru.ibsqa.chameleon.page_factory.locator.ElementLocatorImpl.findElement(ElementLocatorImpl.java:75)\r\n\tat org.openqa.selenium.support.pagefactory.internal.LocatingElementHandler.invoke(LocatingElementHandler.java:39)\r\n\tat ru.ibsqa.chameleon.page_factory.handlers.ElementProxyHandler.invoke(ElementProxyHandler.java:58)\r\n\tat com.sun.proxy.$Proxy75.isDisplayed(Unknown Source)\r\n\tat ru.ibsqa.chameleon.elements.selenium.WebElementFacade.lambda$waitToDisplayed$0(WebElementFacade.java:177)\r\n\tat ru.ibsqa.chameleon.utils.waiting.Waiting.lambda$check$1(Waiting.java:124)\r\n\tat ru.ibsqa.chameleon.utils.waiting.WaitingUtils.lambda$explore$1(WaitingUtils.java:82)\r\n\tat ru.ibsqa.chameleon.utils.waiting.WaitingUtils.waiting(WaitingUtils.java:37)\r\n\tat ru.ibsqa.chameleon.utils.waiting.WaitingUtils.waiting(WaitingUtils.java:56)\r\n\tat ru.ibsqa.chameleon.utils.waiting.WaitingUtils.explore(WaitingUtils.java:79)\r\n\tat ru.ibsqa.chameleon.utils.waiting.Waiting.explore(Waiting.java:81)\r\n\tat ru.ibsqa.chameleon.utils.waiting.Waiting.check(Waiting.java:124)\r\n\tat ru.ibsqa.chameleon.elements.selenium.WebElementFacade.waitToDisplayed(WebElementFacade.java:177)\r\n\tat GlavnajaStranica.isLoaded(GlavnajaStranica.java)\r\n\tat ru.ibsqa.chameleon.steps.PageSteps.pageShouldBeLoaded(PageSteps.java:33)\r\n\tat ru.ibsqa.chameleon.steps.PageSteps.stepLoadedPage_aroundBody4(PageSteps.java:60)\r\n\tat ru.ibsqa.chameleon.steps.PageSteps$AjcClosure5.run(PageSteps.java:1)\r\n\tat org.aspectj.runtime.reflect.JoinPointImpl.proceed(JoinPointImpl.java:270)\r\n\tat ru.ibsqa.chameleon.steps.aspect.StepListenerManagerImpl.stepAround(StepListenerManagerImpl.java:123)\r\n\tat ru.ibsqa.chameleon.steps.aspect.AspectSteps.stepUINestedAround(AspectSteps.java:34)\r\n\tat ru.ibsqa.chameleon.steps.PageSteps.stepLoadedPage(PageSteps.java:59)\r\n\tat ru.ibsqa.chameleon.steps.PageStorySteps.lambda$stepLoadedPage$1(PageStorySteps.java:39)\r\n\tat ru.ibsqa.chameleon.steps.StepFlowImpl.checkStepFlow(StepFlowImpl.java:68)\r\n\tat ru.ibsqa.chameleon.steps.AbstractSteps.flow(AbstractSteps.java:36)\r\n\tat ru.ibsqa.chameleon.steps.PageStorySteps.stepLoadedPage(PageStorySteps.java:38)\r\n\tat java.base/jdk.internal.reflect.NativeMethodAccessorImpl.invoke0(Native Method)\r\n\tat java.base/jdk.internal.reflect.NativeMethodAccessorImpl.invoke(NativeMethodAccessorImpl.java:62)\r\n\tat java.base/jdk.internal.reflect.DelegatingMethodAccessorImpl.invoke(DelegatingMethodAccessorImpl.java:43)\r\n\tat java.base/java.lang.reflect.Method.invoke(Method.java:566)\r\n\tat io.cucumber.java.Invoker.doInvoke(Invoker.java:66)\r\n\tat io.cucumber.java.Invoker.invoke(Invoker.java:24)\r\n\tat io.cucumber.java.AbstractGlueDefinition.invokeMethod(AbstractGlueDefinition.java:47)\r\n\tat io.cucumber.java.JavaStepDefinition.execute(JavaStepDefinition.java:29)\r\n\tat io.cucumber.core.runner.CoreStepDefinition.execute(CoreStepDefinition.java:66)\r\n\tat io.cucumber.core.runner.PickleStepDefinitionMatch.runStep(PickleStepDefinitionMatch.java:63)\r\n\tat io.cucumber.core.runner.ExecutionMode$1.execute(ExecutionMode.java:10)\r\n\tat io.cucumber.core.runner.TestStep.executeStep(TestStep.java:85)\r\n\tat io.cucumber.core.runner.TestStep.run(TestStep.java:57)\r\n\tat io.cucumber.core.runner.PickleStepTestStep.run(PickleStepTestStep.java:51)\r\n\tat io.cucumber.core.runner.TestCase.run(TestCase.java:84)\r\n\tat io.cucumber.core.runner.Runner.runPickle(Runner.java:75)\r\n\tat io.cucumber.core.runtime.Runtime.lambda$executePickle$6(Runtime.java:129)\r\n\tat io.cucumber.core.runtime.CucumberExecutionContext.lambda$runTestCase$5(CucumberExecutionContext.java:129)\r\n\tat io.cucumber.core.runtime.RethrowingThrowableCollector.executeAndThrow(RethrowingThrowableCollector.java:23)\r\n\tat io.cucumber.core.runtime.CucumberExecutionContext.runTestCase(CucumberExecutionContext.java:129)\r\n\tat io.cucumber.core.runtime.Runtime.lambda$executePickle$7(Runtime.java:129)\r\n\tat java.base/java.util.concurrent.Executors$RunnableAdapter.call(Executors.java:515)\r\n\tat java.base/java.util.concurrent.FutureTask.run(FutureTask.java:264)\r\n\tat io.cucumber.core.runtime.Runtime$SameThreadExecutorService.execute(Runtime.java:250)\r\n\tat java.base/java.util.concurrent.AbstractExecutorService.submit(AbstractExecutorService.java:118)\r\n\tat io.cucumber.core.runtime.Runtime.lambda$runFeatures$3(Runtime.java:111)\r\n\tat java.base/java.util.stream.ReferencePipeline$3$1.accept(ReferencePipeline.java:195)\r\n\tat java.base/java.util.stream.SliceOps$1$1.accept(SliceOps.java:199)\r\n\tat java.base/java.util.ArrayList$ArrayListSpliterator.tryAdvance(ArrayList.java:1632)\r\n\tat java.base/java.util.stream.ReferencePipeline.forEachWithCancel(ReferencePipeline.java:127)\r\n\tat java.base/java.util.stream.AbstractPipeline.copyIntoWithCancel(AbstractPipeline.java:502)\r\n\tat java.base/java.util.stream.AbstractPipeline.copyInto(AbstractPipeline.java:488)\r\n\tat java.base/java.util.stream.AbstractPipeline.wrapAndCopyInto(AbstractPipeline.java:474)\r\n\tat java.base/java.util.stream.ReduceOps$ReduceOp.evaluateSequential(ReduceOps.java:913)\r\n\tat java.base/java.util.stream.AbstractPipeline.evaluate(AbstractPipeline.java:234)\r\n\tat java.base/java.util.stream.ReferencePipeline.collect(ReferencePipeline.java:578)\r\n\tat io.cucumber.core.runtime.Runtime.runFeatures(Runtime.java:112)\r\n\tat io.cucumber.core.runtime.Runtime.lambda$run$0(Runtime.java:84)\r\n\tat io.cucumber.core.runtime.Runtime.execute(Runtime.java:96)\r\n\tat io.cucumber.core.runtime.Runtime.run(Runtime.java:82)\r\n\tat io.cucumber.core.cli.Main.run(Main.java:87)\r\n\tat io.cucumber.core.cli.Main.main(Main.java:30)\r\n","steps":[],"attachments":[],"parameters":[{"name":"page","value":"Главная страница"}],"stepsCount":0,"hasContent":true,"shouldDisplayMessage":true,"attachmentsCount":0}],"attachments":[],"parameters":[],"stepsCount":1,"hasContent":true,"shouldDisplayMessage":false,"attachmentsCount":0},{"name":"*  выполнено нажатие на \" Песочница \"","time":{"start":1705937397196,"stop":1705937397197,"duration":1},"status":"skipped","steps":[],"attachments":[],"parameters":[],"stepsCount":0,"hasContent":false,"shouldDisplayMessage":false,"attachmentsCount":0},{"name":"*  выполнено нажатие на \"Товары\"","time":{"start":1705937397198,"stop":1705937397198,"duration":0},"status":"skipped","steps":[],"attachments":[],"parameters":[],"stepsCount":0,"hasContent":false,"shouldDisplayMessage":false,"attachmentsCount":0}],"attachments":[],"parameters":[],"stepsCount":4,"hasContent":true,"shouldDisplayMessage":false,"attachmentsCount":0},"afterStages":[],"labels":[{"name":"host","value":"DESKTOP-QN3VGHR"},{"name":"thread","value":"17960@DESKTOP-QN3VGHR.main(1)"},{"name":"feature","value":"Добавление в таблицу данных"},{"name":"story","value":"Добавление в таблицу типичных данных"},{"name":"suite","value":"Добавление в таблицу данных"},{"name":"testClass","value":"Добавление в таблицу типичных данных"},{"name":"framework","value":"cucumber4jvm"},{"name":"language","value":"java"},{"name":"gherkin_uri","value":"file:///E:/Java/test-chameleon/src/test/resources/features/Тестирование%20Web.feature"},{"name":"package","value":"src.test.resources.features.Тестирование Web_feature.Добавление в таблицу данных"},{"name":"resultFormat","value":"allure2"}],"parameters":[],"links":[],"hidden":true,"retry":true,"extra":{"categories":[],"tags":[]},"source":"4beadad7aff863e8.json","parameterValues":[]}